0 info it worked if it ends with ok
1 verbose cli [ '/Users/milesdisch/.nvm/versions/node/v4.4.5/bin/node',
1 verbose cli   '/Users/milesdisch/.nvm/versions/node/v4.4.5/bin/npm',
1 verbose cli   'run',
1 verbose cli   'serve' ]
2 info using npm@2.15.11
3 info using node@v4.4.5
4 verbose run-script [ 'preserve', 'serve', 'postserve' ]
5 info preserve particle_library@0.0.1
6 info serve particle_library@0.0.1
7 verbose unsafe-perm in lifecycle true
8 info particle_library@0.0.1 Failed to exec serve script
9 verbose stack Error: particle_library@0.0.1 serve: `node ./src/back/app.js`
9 verbose stack Exit status 1
9 verbose stack     at EventEmitter.<anonymous> (/Users/milesdisch/.nvm/versions/node/v4.4.5/lib/node_modules/npm/lib/utils/lifecycle.js:217:16)
9 verbose stack     at emitTwo (events.js:87:13)
9 verbose stack     at EventEmitter.emit (events.js:172:7)
9 verbose stack     at ChildProcess.<anonymous> (/Users/milesdisch/.nvm/versions/node/v4.4.5/lib/node_modules/npm/lib/utils/spawn.js:24:14)
9 verbose stack     at emitTwo (events.js:87:13)
9 verbose stack     at ChildProcess.emit (events.js:172:7)
9 verbose stack     at maybeClose (internal/child_process.js:827:16)
9 verbose stack     at Process.ChildProcess._handle.onexit (internal/child_process.js:211:5)
10 verbose pkgid particle_library@0.0.1
11 verbose cwd /Users/milesdisch/dev/Home/Side/particle_libary
12 error Darwin 15.6.0
13 error argv "/Users/milesdisch/.nvm/versions/node/v4.4.5/bin/node" "/Users/milesdisch/.nvm/versions/node/v4.4.5/bin/npm" "run" "serve"
14 error node v4.4.5
15 error npm  v2.15.11
16 error code ELIFECYCLE
17 error particle_library@0.0.1 serve: `node ./src/back/app.js`
17 error Exit status 1
18 error Failed at the particle_library@0.0.1 serve script 'node ./src/back/app.js'.
18 error This is most likely a problem with the particle_library package,
18 error not with npm itself.
18 error Tell the author that this fails on your system:
18 error     node ./src/back/app.js
18 error You can get information on how to open an issue for this project with:
18 error     npm bugs particle_library
18 error Or if that isn't available, you can get their info via:
18 error
18 error     npm owner ls particle_library
18 error There is likely additional logging output above.
19 verbose exit [ 1, true ]
